<?xml version="1.0" encoding="UTF-8"?>
<!-- Generated by org.testng.reporters.JUnitXMLReporter -->
<testsuite ignored="0" hostname="DESKTOP-6TTPHNK" failures="0" tests="8" name="Default test" time="101.998" errors="0" timestamp="2023-02-11T17:18:15 IST">
  <testcase classname="com.lti.testcases.DashboardPageTest" name="buzzPostSectionTest" time="3.865"/>
  <testcase classname="com.lti.testcases.DashboardPageTest" name="empDistributionLocationSectionTest" time="3.454"/>
  <testcase classname="com.lti.testcases.DashboardPageTest" name="empDistributionSubUnitSectionTest" time="3.368"/>
  <testcase classname="com.lti.testcases.DashboardPageTest" name="empLeaveSectionTest" time="3.72"/>
  <testcase classname="com.lti.testcases.DashboardPageTest" name="myActionsSectionTest" time="2.955"/>
  <testcase classname="com.lti.testcases.DashboardPageTest" name="quickLaunchSectionTest" time="3.872"/>
  <testcase classname="com.lti.testcases.DashboardPageTest" name="validateDashboardLabelTest" time="3.703"/>
  <testcase classname="com.lti.testcases.DashboardPageTest" name="validateTimeAtWorkSectionTest" time="3.708"/>
</testsuite> <!-- Default test -->
