<?xml version="1.0" encoding="UTF-8"?>
<!-- Generated by org.testng.reporters.JUnitXMLReporter -->
<testsuite ignored="0" hostname="DESKTOP-6TTPHNK" failures="0" tests="10" name="testng" time="164.011" errors="0" timestamp="2023-02-18T12:28:06 IST">
  <testcase classname="com.lti.testcases.DashboardPageTest" name="buzzPostSectionTest" time="4.953"/>
  <testcase classname="com.lti.testcases.DashboardPageTest" name="empDistributionLocationSectionTest" time="3.606"/>
  <testcase classname="com.lti.testcases.DashboardPageTest" name="empDistributionSubUnitSectionTest" time="3.749"/>
  <testcase classname="com.lti.testcases.DashboardPageTest" name="empLeaveSectionTest" time="6.32"/>
  <testcase classname="com.lti.testcases.DashboardPageTest" name="myActionsSectionTest" time="4.0"/>
  <testcase classname="com.lti.testcases.DashboardPageTest" name="quickLaunchSectionTest" time="3.87"/>
  <testcase classname="com.lti.testcases.DashboardPageTest" name="validateDashboardLabelTest" time="4.725"/>
  <testcase classname="com.lti.testcases.DashboardPageTest" name="validateTimeAtWorkSectionTest" time="4.458"/>
  <testcase classname="com.lti.testcases.LoginPageTest" name="validateLoginTest" time="1.214"/>
  <testcase classname="com.lti.testcases.LoginPageTest" name="validateTitleTest" time="0.008"/>
</testsuite> <!-- testng -->
